<?xml version="1.0" encoding="UTF-8"?>
<!-- Generated by org.testng.reporters.JUnitReportReporter -->
<testsuite hostname="DESKTOP-JC5UOC0" failures="0" tests="1" name="com.dddemo.tests.SampleTest" time="8.088" errors="0" timestamp="2023-12-27T09:11:58 IST" skipped="0">
  <testcase classname="com.dddemo.tests.SampleTest" name="sampleTest" time="8.088"/>
  <system-out/>
</testsuite> <!-- com.dddemo.tests.SampleTest -->
