<?xml version="1.0" encoding="UTF-8"?>
<!-- Generated by org.testng.reporters.JUnitReportReporter -->
<testsuite hostname="DESKTOP-JC5UOC0" failures="0" tests="1" name="com.dddemo.sampletests.ExtendReportTest" time="9.289" errors="0" timestamp="2023-12-27T13:12:51 IST" skipped="0">
  <testcase classname="com.dddemo.sampletests.ExtendReportTest" name="yourTestCase" time="9.289"/>
  <system-out/>
</testsuite> <!-- com.dddemo.sampletests.ExtendReportTest -->
