<?xml version="1.0" encoding="UTF-8"?>
<!-- Generated by org.testng.reporters.JUnitReportReporter -->
<testsuite hostname="DESKTOP-JC5UOC0" failures="0" tests="2" name="com.dddemo.tests.VerifyLoginPage" time="15.991" errors="0" timestamp="2023-12-27T13:23:52 IST" skipped="0">
  <testcase classname="com.dddemo.tests.VerifyLoginPage" name="verifyValidLoginTest" time="11.257"/>
  <system-out/>
  <testcase classname="com.dddemo.tests.VerifyLoginPage" name="LoginFailed" time="4.734"/>
  <system-out/>
</testsuite> <!-- com.dddemo.tests.VerifyLoginPage -->
