<?xml version="1.0" encoding="UTF-8"?>
<!-- Generated by org.testng.reporters.JUnitReportReporter -->
<testsuite hostname="DESKTOP-JC5UOC0" failures="0" tests="1" name="com.dddemo.tests.VerifyHomePage" time="8.865" errors="0" timestamp="2023-12-27T10:10:40 IST" skipped="0">
  <testcase classname="com.dddemo.tests.VerifyHomePage" name="verifyHomeLink" time="8.865"/>
  <system-out/>
</testsuite> <!-- com.dddemo.tests.VerifyHomePage -->
